<?xml version="1.0" encoding="UTF-8"?>
<testng-results ignored="0" total="1" passed="1" failed="0" skipped="0">
  <reporter-output>
  </reporter-output>
  <suite started-at="2022-05-09T09:54:27Z" name="Default suite" finished-at="2022-05-09T09:54:27Z" duration-ms="84">
    <groups>
    </groups>
    <test started-at="2022-05-09T09:54:27Z" name="Default test" finished-at="2022-05-09T09:54:27Z" duration-ms="84">
      <class name="MavenExample.ReadingDataFromCommandLineTest">
        <test-method signature="readingDataFromCmd()[pri:0, instance:MavenExample.ReadingDataFromCommandLineTest@71a8adcf]" started-at="2022-05-09T09:54:27Z" name="readingDataFromCmd" finished-at="2022-05-09T09:54:27Z" duration-ms="23" status="PASS">
          <reporter-output>
          </reporter-output>
        </test-method> <!-- readingDataFromCmd -->
      </class> <!-- MavenExample.ReadingDataFromCommandLineTest -->
    </test> <!-- Default test -->
  </suite> <!-- Default suite -->
</testng-results>
